tests/integration/test_qdrant_mcp_integration.py::test_save_and_search_memory_via_qdrant
tests/integration/test_qdrant_mcp_integration.py::test_semantic_search_across_memory_types
tests/integration/test_qdrant_mcp_integration.py::test_qdrant_collection_health
tests/integration/test_qdrant_mcp_integration.py::test_agent_prompt_includes_qdrant_instructions
tests/integration/test_task_deduplication_flow.py::TestTaskDeduplicationFlow::test_create_duplicate_task_rejected
tests/integration/test_task_deduplication_flow.py::TestTaskDeduplicationFlow::test_create_related_task_accepted
tests/integration/test_task_deduplication_flow.py::TestTaskDeduplicationFlow::test_create_unrelated_task_accepted
tests/integration/test_task_deduplication_flow.py::TestTaskDeduplicationFlow::test_deduplication_disabled
tests/integration/test_task_deduplication_flow.py::TestTaskDeduplicationFlow::test_deduplication_performance
tests/integration/test_task_deduplication_flow.py::TestTaskDeduplicationFlow::test_concurrent_duplicate_creation
tests/integration/test_task_deduplication_flow.py::TestTaskDeduplicationFlow::test_embedding_service_failure_handling
tests/integration/test_validation_flow.py::TestEndToEndValidationFlow::test_complete_validation_inheritance_flow
tests/integration/test_validation_flow.py::TestEndToEndValidationFlow::test_validation_feedback_loop
tests/integration/test_validation_flow.py::TestEndToEndValidationFlow::test_validation_with_explicit_disable
tests/integration/test_validation_flow.py::TestValidationErrorHandling::test_task_creation_without_phase
tests/integration/test_validation_flow.py::TestValidationErrorHandling::test_task_with_invalid_phase_id
tests/sdk/test_config.py::test_config_defaults
tests/sdk/test_config.py::test_config_custom_values
tests/sdk/test_config.py::test_config_validation_missing_api_key
tests/sdk/test_config.py::test_config_validation_invalid_provider
tests/sdk/test_config.py::test_config_validation_invalid_port
tests/sdk/test_config.py::test_config_to_env_dict
tests/sdk/test_config.py::test_config_auto_sets_model
tests/sdk/test_models.py::test_phase_creation
tests/sdk/test_models.py::test_phase_to_yaml_dict
tests/sdk/test_models.py::test_phase_with_validation
tests/sdk/test_models.py::test_task_status_creation
tests/sdk/test_models.py::test_workflow_result
tests/sdk/test_phases.py::test_load_phases_from_yaml
tests/sdk/test_phases.py::test_load_phases_from_python_objects
tests/sdk/test_phases.py::test_cannot_provide_both_phases_dir_and_phases
tests/sdk/test_phases.py::test_must_provide_either_phases_dir_or_phases
tests/sdk/test_phases.py::test_duplicate_phase_ids_rejected
tests/test_agent_communication.py::TestBroadcastMessage::test_broadcast_to_multiple_agents
tests/test_agent_communication.py::TestBroadcastMessage::test_broadcast_excludes_sender
tests/test_agent_communication.py::TestBroadcastMessage::test_broadcast_excludes_terminated_agents
tests/test_agent_communication.py::TestBroadcastMessage::test_broadcast_logs_to_database
tests/test_agent_communication.py::TestBroadcastMessage::test_broadcast_with_no_recipients
tests/test_agent_communication.py::TestBroadcastMessage::test_broadcast_message_format
tests/test_agent_communication.py::TestDirectMessage::test_send_to_valid_recipient
tests/test_agent_communication.py::TestDirectMessage::test_send_to_nonexistent_agent
tests/test_agent_communication.py::TestDirectMessage::test_send_to_terminated_agent
tests/test_agent_communication.py::TestDirectMessage::test_direct_message_logs_to_database
tests/test_agent_communication.py::TestDirectMessage::test_direct_message_format
tests/test_agent_communication.py::TestMessageContent::test_long_message_truncation_in_log
tests/test_agent_communication.py::TestMessageContent::test_special_characters_in_message
tests/test_agent_communication.py::TestErrorHandling::test_broadcast_handles_send_failure
tests/test_agent_communication.py::TestErrorHandling::test_direct_message_handles_exception
tests/test_agent_communication.py::TestConcurrency::test_multiple_concurrent_broadcasts
tests/test_agent_communication.py::TestConcurrency::test_concurrent_direct_messages
tests/test_agent_output_capture.py::TestAgentOutputCapture::test_terminate_agent_captures_output
tests/test_agent_output_capture.py::TestAgentOutputCapture::test_terminate_agent_handles_no_session
tests/test_agent_output_capture.py::TestAgentOutputCapture::test_get_agent_output_retrieves_from_log_for_terminated
tests/test_agent_output_capture.py::TestAgentOutputCapture::test_get_agent_output_retrieves_last_n_lines_for_terminated
tests/test_agent_output_capture.py::TestAgentOutputCapture::test_get_agent_output_from_tmux_for_active_agent
tests/test_agent_output_capture.py::TestAgentOutputCapture::test_get_agent_output_handles_no_stored_output
tests/test_agent_output_capture.py::TestAgentOutputCapture::test_terminate_agent_handles_output_capture_failure
tests/test_agent_output_integration.py::TestAgentOutputIntegration::test_full_agent_lifecycle_with_output_capture
tests/test_agent_output_integration.py::TestAgentOutputIntegration::test_get_output_for_nonexistent_agent
tests/test_agent_output_integration.py::TestAgentOutputIntegration::test_terminate_nonexistent_agent
tests/test_authentication.py::TestPasswordHashing::test_hash_password
tests/test_authentication.py::TestPasswordHashing::test_verify_password_correct
tests/test_authentication.py::TestPasswordHashing::test_verify_password_incorrect
tests/test_authentication.py::TestPasswordHashing::test_different_hashes_same_password
tests/test_authentication.py::TestJWTTokens::test_create_access_token
tests/test_authentication.py::TestJWTTokens::test_create_refresh_token
tests/test_authentication.py::TestJWTTokens::test_verify_access_token_valid
tests/test_authentication.py::TestJWTTokens::test_verify_access_token_invalid
tests/test_authentication.py::TestJWTTokens::test_verify_refresh_token_valid
tests/test_authentication.py::TestJWTTokens::test_access_token_expiry
tests/test_authentication.py::TestJWTTokens::test_create_token_pair
tests/test_authentication.py::TestJWTTokens::test_hash_token
tests/test_authentication.py::TestAuthenticationAPI::test_register_success
tests/test_authentication.py::TestAuthenticationAPI::test_register_duplicate_email
tests/test_authentication.py::TestAuthenticationAPI::test_register_weak_password
tests/test_authentication.py::TestAuthenticationAPI::test_login_success
tests/test_authentication.py::TestAuthenticationAPI::test_login_wrong_password
tests/test_authentication.py::TestAuthenticationAPI::test_login_nonexistent_user
tests/test_authentication.py::TestAuthenticationAPI::test_refresh_token_valid
tests/test_authentication.py::TestAuthenticationAPI::test_refresh_token_invalid
tests/test_authentication.py::TestAuthenticationMiddleware::test_protected_route_without_token
tests/test_authentication.py::TestAuthenticationMiddleware::test_protected_route_with_valid_token
tests/test_authentication.py::TestAuthenticationMiddleware::test_protected_route_with_expired_token
tests/test_conductor.py::TestConductor::test_analyze_system_state_with_duplicates
tests/test_conductor.py::TestConductor::test_analyze_system_state_low_coherence
tests/test_conductor.py::TestConductor::test_analyze_system_state_coordination_needs
tests/test_conductor.py::TestConductor::test_empty_summaries
tests/test_conductor.py::TestConductor::test_execute_duplicate_termination
tests/test_conductor.py::TestConductor::test_execute_resource_coordination
tests/test_conductor.py::TestConductor::test_execute_escalation
tests/test_conductor.py::TestConductor::test_llm_failure_handling
tests/test_conductor.py::TestConductor::test_get_system_summary
tests/test_conductor.py::TestConductor::test_generate_detailed_report
tests/test_conductor.py::TestConductor::test_execution_failure_handling
tests/test_diagnostic_agent.py::TestDiagnosticAgentTriggers::test_no_trigger_when_no_workflow
tests/test_diagnostic_agent.py::TestDiagnosticAgentTriggers::test_no_trigger_when_no_tasks
tests/test_diagnostic_agent.py::TestDiagnosticAgentTriggers::test_no_trigger_when_tasks_active
tests/test_diagnostic_agent.py::TestDiagnosticAgentTriggers::test_no_trigger_when_validated_result_exists
tests/test_diagnostic_agent.py::TestDiagnosticAgentTriggers::test_no_trigger_during_cooldown
tests/test_diagnostic_agent.py::TestDiagnosticAgentTriggers::test_no_trigger_when_not_stuck_long_enough
tests/test_diagnostic_agent.py::TestDiagnosticAgentTriggers::test_triggers_when_all_conditions_met
tests/test_diagnostic_agent.py::TestDiagnosticContextGathering::test_gathers_workflow_goal
tests/test_diagnostic_agent.py::TestDiagnosticContextGathering::test_gathers_phases_summary
tests/test_diagnostic_agent.py::TestDiagnosticPromptGeneration::test_generates_valid_prompt
tests/test_diagnostic_integration.py::TestDiagnosticIntegration::test_diagnostic_not_triggered_no_tasks
tests/test_diagnostic_integration.py::TestDiagnosticIntegration::test_diagnostic_not_triggered_active_tasks
tests/test_diagnostic_integration.py::TestDiagnosticIntegration::test_diagnostic_not_triggered_too_recent
tests/test_diagnostic_integration.py::TestDiagnosticIntegration::test_diagnostic_triggered_workflow_stuck
tests/test_diagnostic_integration.py::TestDiagnosticIntegration::test_diagnostic_respects_cooldown
tests/test_diagnostic_integration.py::TestDiagnosticIntegration::test_full_diagnostic_flow_with_logging
tests/test_guardian.py::TestGuardian::test_analyze_agent_with_trajectory_success
tests/test_guardian.py::TestGuardian::test_analyze_agent_with_steering_needed
tests/test_guardian.py::TestGuardian::test_guardian_caching
tests/test_guardian.py::TestGuardian::test_steer_agent
tests/test_guardian.py::TestGuardian::test_build_accumulated_context
tests/test_guardian.py::TestGuardian::test_should_steer_agent
tests/test_guardian.py::TestGuardian::test_extract_last_error
tests/test_guardian.py::TestGuardian::test_handle_missing_task
tests/test_guardian.py::TestGuardian::test_llm_failure_handling
tests/test_guardian.py::TestGuardian::test_clear_agent_cache
tests/test_llm_interface.py::test_embedding_generation
tests/test_llm_interface.py::test_task_enrichment
tests/test_llm_interface.py::test_agent_state_analysis
tests/test_llm_interface.py::test_agent_prompt_generation
tests/test_llm_interface.py::test_error_handling
tests/test_mcp_results_endpoint.py::TestReportResultsEndpoint::test_report_results_success
tests/test_mcp_results_endpoint.py::TestReportResultsEndpoint::test_report_results_missing_file
tests/test_mcp_results_endpoint.py::TestReportResultsEndpoint::test_report_results_invalid_task
tests/test_mcp_results_endpoint.py::TestReportResultsEndpoint::test_report_results_wrong_agent
tests/test_mcp_results_endpoint.py::TestReportResultsEndpoint::test_report_results_file_too_large
tests/test_mcp_results_endpoint.py::TestReportResultsEndpoint::test_report_results_missing_agent_id
tests/test_mcp_results_endpoint.py::TestReportResultsEndpoint::test_report_results_invalid_result_type
tests/test_mcp_results_endpoint.py::TestReportResultsEndpoint::test_report_results_path_traversal_attack
tests/test_mcp_results_endpoint.py::TestReportResultsEndpoint::test_multiple_results_per_task
tests/test_mcp_results_endpoint_async.py::TestReportResultsEndpointAsync::test_report_results_with_mock
tests/test_mcp_results_endpoint_async.py::TestReportResultsEndpointAsync::test_report_results_missing_file
tests/test_mcp_results_endpoint_async.py::TestReportResultsEndpointAsync::test_report_results_file_too_large
tests/test_mcp_results_endpoint_async.py::TestReportResultsEndpointAsync::test_validation_helpers
tests/test_mcp_results_endpoint_async.py::TestReportResultsEndpointAsync::test_integration_with_server
tests/test_mcp_server.py::test_health_endpoint
tests/test_mcp_server.py::test_create_task
tests/test_mcp_server.py::test_save_memory
tests/test_mcp_server.py::test_task_status_update
tests/test_mcp_server.py::test_agent_status
tests/test_mcp_server.py::test_task_progress
tests/test_mcp_server.py::test_sse_connection
tests/test_mcp_server_tickets.py::TestMCPTicketEndpoints::test_01_create_ticket
tests/test_mcp_server_tickets.py::TestMCPTicketEndpoints::test_02_get_ticket
tests/test_mcp_server_tickets.py::TestMCPTicketEndpoints::test_03_get_tickets_list
tests/test_mcp_server_tickets.py::TestMCPTicketEndpoints::test_04_add_comment
tests/test_mcp_server_tickets.py::TestMCPTicketEndpoints::test_05_update_ticket
tests/test_mcp_server_tickets.py::TestMCPTicketEndpoints::test_06_change_status
tests/test_mcp_server_tickets.py::TestMCPTicketEndpoints::test_07_search_tickets
tests/test_mcp_server_tickets.py::TestMCPTicketEndpoints::test_08_link_commit
tests/test_mcp_server_tickets.py::TestMCPTicketEndpoints::test_09_get_ticket_stats
tests/test_mcp_server_tickets.py::TestMCPTicketEndpoints::test_10_resolve_ticket
tests/test_mcp_server_tickets.py::TestMCPTicketEndpoints::test_11_get_commit_diff
tests/test_mcp_server_tickets.py::TestCreateTaskValidation::test_create_task_requires_ticket_id_when_tracking_enabled
tests/test_mcp_server_tickets.py::TestCreateTaskValidation::test_create_task_allows_no_ticket_id_when_tracking_disabled
tests/test_mcp_server_tickets.py::test_summary
tests/test_monitoring_integration.py::TestMonitoringIntegration::test_full_monitoring_cycle_healthy_agents
tests/test_monitoring_integration.py::TestMonitoringIntegration::test_monitoring_with_duplicate_detection
tests/test_monitoring_integration.py::TestMonitoringIntegration::test_monitoring_with_steering_intervention
tests/test_monitoring_integration.py::TestMonitoringIntegration::test_monitoring_with_resource_coordination
tests/test_monitoring_integration.py::TestMonitoringIntegration::test_monitoring_escalation_on_low_coherence
tests/test_monitoring_integration.py::TestMonitoringIntegration::test_monitoring_cache_usage
tests/test_monitoring_integration.py::TestMonitoringIntegration::test_monitoring_error_recovery
tests/test_monitoring_integration.py::TestMonitoringIntegration::test_full_monitor_loop_simulation
tests/test_multi_provider_llm.py::TestLLMConfig::test_load_config
tests/test_multi_provider_llm.py::TestLLMConfig::test_validate_config_strict
tests/test_multi_provider_llm.py::TestLLMConfig::test_validate_config_non_strict
tests/test_multi_provider_llm.py::TestLLMConfig::test_openrouter_provider_config
tests/test_multi_provider_llm.py::TestLangChainLLMClient::test_initialize_models
tests/test_multi_provider_llm.py::TestLangChainLLMClient::test_get_model_for_component
tests/test_multi_provider_llm.py::TestLangChainLLMClient::test_get_model_name
tests/test_multi_provider_llm.py::TestLangChainLLMClient::test_generate_embedding
tests/test_multi_provider_llm.py::TestLangChainLLMClient::test_fallback_behavior
tests/test_multi_provider_llm.py::TestMultiProviderLLM::test_enrich_task
tests/test_multi_provider_llm.py::TestMultiProviderLLM::test_generate_embedding
tests/test_multi_provider_llm.py::TestMultiProviderLLM::test_analyze_agent_state
tests/test_multi_provider_llm.py::TestMultiProviderLLM::test_analyze_trajectory
tests/test_multi_provider_llm.py::TestMultiProviderLLM::test_get_model_for_component
tests/test_phases_config.py::TestPhasesConfig::test_phases_config_validation_valid
tests/test_phases_config.py::TestPhasesConfig::test_phases_config_validation_missing_criteria
tests/test_phases_config.py::TestPhasesConfig::test_phases_config_defaults
tests/test_phases_config.py::TestPhasesConfig::test_phases_config_from_yaml_content
tests/test_phases_config.py::TestPhasesConfig::test_phases_config_from_yaml_content_partial
tests/test_phases_config.py::TestPhasesConfig::test_load_phases_config_file_exists
tests/test_phases_config.py::TestPhasesConfig::test_load_phases_config_file_missing
tests/test_phases_config.py::TestPhasesConfig::test_load_phases_config_empty_file
tests/test_phases_config.py::TestPhasesConfig::test_load_phases_config_invalid_yaml
tests/test_phases_config.py::TestPhasesConfig::test_crackme_challenge_config
tests/test_phases_config.py::TestPhasesConfig::test_research_task_config
tests/test_phases_config.py::TestPhasesConfig::test_bug_hunt_config
tests/test_phases_config.py::TestPhasesConfig::test_invalid_on_result_found_value
tests/test_prompt_delivery.py::test_verify_prompt_delivery_success
tests/test_prompt_delivery.py::test_verify_prompt_delivery_failure
tests/test_prompt_delivery.py::test_verify_prompt_delivery_empty_output
tests/test_prompt_delivery.py::test_send_initial_prompt_without_verification
tests/test_prompt_delivery.py::test_send_initial_prompt_with_retry_success_first_attempt
tests/test_prompt_delivery.py::test_send_initial_prompt_with_retry_success_second_attempt
tests/test_prompt_delivery.py::test_send_initial_prompt_with_retry_success_third_attempt
tests/test_prompt_delivery.py::test_send_initial_prompt_with_retry_all_retries_fail
tests/test_prompt_delivery.py::test_send_initial_prompt_with_retry_custom_max_retries
tests/test_prompt_delivery.py::test_verify_prompt_delivery_with_custom_wait_time
tests/test_prompt_delivery.py::test_verify_prompt_delivery_multiline_output
tests/test_prompt_delivery.py::test_send_initial_prompt_with_chunking_large_message
tests/test_prompt_delivery_cleanup.py::test_agent_and_task_cleanup_on_prompt_delivery_failure
tests/test_prompt_delivery_cleanup.py::test_cleanup_handles_database_errors_gracefully
tests/test_prompt_delivery_cleanup.py::test_cleanup_handles_tmux_kill_errors_gracefully
tests/test_prompt_loader.py::TestPromptLoader::test_init_with_missing_directory
tests/test_prompt_loader.py::TestPromptLoader::test_load_prompt_success
tests/test_prompt_loader.py::TestPromptLoader::test_load_prompt_file_not_found
tests/test_prompt_loader.py::TestPromptLoader::test_format_guardian_prompt
tests/test_prompt_loader.py::TestPromptLoader::test_format_guardian_prompt_empty_lists
tests/test_prompt_loader.py::TestPromptLoader::test_format_guardian_prompt_long_output_truncation
tests/test_prompt_loader.py::TestPromptLoader::test_format_conductor_prompt
tests/test_prompt_loader.py::TestPromptLoader::test_format_conductor_prompt_truncates_long_goals
tests/test_prompt_loader.py::TestPromptLoader::test_format_conductor_prompt_with_defaults
tests/test_prompt_loader.py::TestPromptLoader::test_format_list_helper
tests/test_prompt_loader.py::TestPromptLoader::test_format_guardian_prompt_with_many_past_summaries
tests/test_prompt_loader.py::TestPromptLoader::test_format_guardian_prompt_missing_fields
tests/test_prompt_loader.py::TestPromptLoader::test_singleton_instance
tests/test_queue_service.py::TestGetActiveAgentCount::test_no_agents
tests/test_queue_service.py::TestGetActiveAgentCount::test_only_active_agents
tests/test_queue_service.py::TestGetActiveAgentCount::test_all_terminated
tests/test_queue_service.py::TestShouldQueueTask::test_below_limit
tests/test_queue_service.py::TestShouldQueueTask::test_at_limit
tests/test_queue_service.py::TestShouldQueueTask::test_above_limit
tests/test_queue_service.py::TestShouldQueueTask::test_terminated_agents_not_counted
tests/test_queue_service.py::TestEnqueueTask::test_enqueue_task_basic
tests/test_queue_service.py::TestEnqueueTask::test_enqueue_multiple_tasks
tests/test_queue_service.py::TestEnqueueTask::test_enqueue_nonexistent_task
tests/test_queue_service.py::TestGetNextQueuedTask::test_empty_queue
tests/test_queue_service.py::TestGetNextQueuedTask::test_priority_ordering
tests/test_queue_service.py::TestGetNextQueuedTask::test_fifo_within_same_priority
tests/test_queue_service.py::TestGetNextQueuedTask::test_boosted_priority_first
tests/test_queue_service.py::TestDequeueTask::test_dequeue_task_basic
tests/test_queue_service.py::TestDequeueTask::test_dequeue_nonexistent_task
tests/test_queue_service.py::TestDequeueTask::test_dequeue_non_queued_task
tests/test_queue_service.py::TestGetQueueStatus::test_empty_queue
tests/test_queue_service.py::TestGetQueueStatus::test_with_agents_and_tasks
tests/test_queue_service.py::TestGetQueueStatus::test_at_capacity
tests/test_queue_service.py::TestBoostTaskPriority::test_boost_queued_task
tests/test_queue_service.py::TestBoostTaskPriority::test_boost_non_queued_task
tests/test_queue_service.py::TestBoostTaskPriority::test_boost_nonexistent_task
tests/test_queue_service.py::TestBoostTaskPriority::test_boost_moves_to_front
tests/test_queue_service.py::TestGetQueuedTasks::test_empty_queue
tests/test_queue_service.py::TestGetQueuedTasks::test_ordered_by_priority
tests/test_queue_service.py::TestGetQueuedTasks::test_boosted_tasks_first
tests/test_rag_system.py::test_rag_retrieval
tests/test_rag_system.py::test_memory_ingestion
tests/test_result_service.py::TestResultService::test_create_result_success
tests/test_result_service.py::TestResultService::test_create_result_file_not_found
tests/test_result_service.py::TestResultService::test_create_result_file_too_large
tests/test_result_service.py::TestResultService::test_create_result_invalid_format
tests/test_result_service.py::TestResultService::test_create_result_wrong_agent
tests/test_result_service.py::TestResultService::test_get_results_for_task
tests/test_result_service.py::TestResultService::test_verify_result
tests/test_result_service.py::TestValidationHelpers::test_validate_file_path_valid
tests/test_result_service.py::TestValidationHelpers::test_validate_file_path_traversal
tests/test_result_service.py::TestValidationHelpers::test_validate_file_size_valid
tests/test_result_service.py::TestValidationHelpers::test_validate_file_size_too_large
tests/test_result_service.py::TestValidationHelpers::test_validate_markdown_format_valid
tests/test_result_service.py::TestValidationHelpers::test_validate_markdown_format_invalid
tests/test_result_service.py::TestValidationHelpers::test_validate_task_ownership_valid
tests/test_result_service.py::TestValidationHelpers::test_validate_task_ownership_wrong_agent
tests/test_result_service.py::TestValidationHelpers::test_validate_task_ownership_task_not_found
tests/test_result_service_coverage.py::TestResultServiceAdditionalCoverage::test_get_results_for_agent
tests/test_result_service_coverage.py::TestResultServiceAdditionalCoverage::test_get_result_content
tests/test_result_service_coverage.py::TestResultServiceAdditionalCoverage::test_get_result_content_not_found
tests/test_result_service_coverage.py::TestResultServiceAdditionalCoverage::test_verify_result_not_found
tests/test_result_service_coverage.py::TestResultServiceAdditionalCoverage::test_verify_result_as_disputed
tests/test_result_submission_flow.py::TestResultSubmissionFlow::test_complete_submission_flow_stop_all
tests/test_result_submission_flow.py::TestResultSubmissionFlow::test_complete_submission_flow_do_nothing
tests/test_result_submission_flow.py::TestResultSubmissionFlow::test_validation_failure_flow
tests/test_result_submission_flow.py::TestResultSubmissionFlow::test_no_validation_required_flow
tests/test_steering_fix.py::TestSteeringMessageFix::test_steering_message_field_mapping
tests/test_steering_fix.py::TestSteeringMessageFix::test_monitoring_loop_uses_correct_steering_field
tests/test_steering_fix.py::TestSteeringMessageFix::test_steering_not_sent_when_needs_steering_false
tests/test_steering_fix.py::TestSteeringMessageFix::test_fallback_when_steering_message_missing
tests/test_steering_openai_integration.py::TestSteeringOpenAIIntegration::test_guardian_steering_with_real_openai_stuck_agent
tests/test_steering_openai_integration.py::TestSteeringOpenAIIntegration::test_guardian_steering_with_real_openai_healthy_agent
tests/test_steering_openai_integration.py::TestSteeringOpenAIIntegration::test_guardian_steering_with_real_openai_constraint_violation
tests/test_steering_openai_integration.py::TestSteeringOpenAIIntegration::test_steering_message_field_consistency_with_openai
tests/test_structured_analysis.py::test_guardian_structured_analysis
tests/test_structured_analysis.py::test_conductor_structured_analysis
tests/test_structured_analysis.py::test_analysis_retry_mechanism
tests/test_ticket_id_validation.py::TestTicketIDValidation::test_1_sdk_agent_without_ticket_id_succeeds
tests/test_ticket_id_validation.py::TestTicketIDValidation::test_2_mcp_agent_with_ticket_id_succeeds
tests/test_ticket_id_validation.py::TestTicketIDValidation::test_3_mcp_agent_without_ticket_id_fails
tests/test_ticket_id_validation.py::TestTicketIDValidation::test_4_sdk_agent_variants
tests/test_ticket_id_validation_simple.py::TestTicketIDValidationSimple::test_1_sdk_agent_can_create_task_without_ticket_id
tests/test_ticket_id_validation_simple.py::TestTicketIDValidationSimple::test_2_mcp_agent_blocked_without_ticket_id
tests/test_ticket_id_validation_simple.py::TestTicketIDValidationSimple::test_3_sdk_agent_variants_work
tests/test_ticket_mcp_integration.py::TestTicketMCPIntegration::test_create_task_requires_ticket_id_when_tracking_enabled
tests/test_ticket_mcp_integration.py::TestTicketMCPIntegration::test_get_tickets_endpoint
tests/test_ticket_mcp_integration.py::TestTicketMCPIntegration::test_resolve_ticket_unblocks_dependencies
tests/test_ticket_mcp_integration.py::TestTicketMCPIntegration::test_link_commit_to_ticket
tests/test_ticket_mcp_integration.py::TestTicketMCPIntegration::test_auto_link_on_task_completion
tests/test_ticket_search.py::TestEmbeddingService::test_generate_ticket_embedding
tests/test_ticket_search.py::TestEmbeddingService::test_generate_query_embedding
tests/test_ticket_search.py::TestTicketSearchService::test_semantic_search
tests/test_ticket_search.py::TestTicketSearchService::test_keyword_search
tests/test_ticket_search.py::TestTicketSearchService::test_hybrid_search
tests/test_ticket_search.py::TestTicketSearchService::test_find_related_tickets
tests/test_ticket_search.py::TestTicketSearchService::test_index_ticket
tests/test_ticket_search.py::TestTicketSearchService::test_reindex_ticket
tests/test_ticket_search.py::TestTicketServiceIntegration::test_create_ticket_with_embedding
tests/test_ticket_search.py::TestTicketServiceIntegration::test_update_ticket_regenerates_embedding
tests/test_ticket_search.py::TestTicketServiceIntegration::test_comment_reindexing_every_5
tests/test_ticket_search.py::TestMCPEndpoints::test_search_endpoint_hybrid_default
tests/test_ticket_search.py::TestMCPEndpoints::test_search_endpoint_with_filters
tests/test_ticket_search.py::TestMCPEndpoints::test_stats_endpoint
tests/test_ticket_system.py::test_create_ticket_basic
tests/test_ticket_system.py::test_create_ticket_with_blocking
tests/test_ticket_system.py::test_blocked_ticket_cannot_change_status
tests/test_ticket_system.py::test_resolve_ticket_unblocks_dependencies
tests/test_ticket_system.py::test_update_ticket_fields
tests/test_ticket_system.py::test_change_status_unblocked_ticket
tests/test_ticket_system.py::test_add_comment
tests/test_ticket_system.py::test_get_ticket_full_details
tests/test_ticket_system.py::test_ticket_history_tracking
tests/test_ticket_system.py::test_invalid_ticket_type_rejected
tests/test_ticket_system.py::test_invalid_status_rejected
tests/test_ticket_system.py::test_link_commit_to_ticket
tests/test_ticket_system.py::test_get_tickets_by_workflow
tests/test_ticket_system.py::test_get_tickets_by_status
tests/test_trajectory_context.py::TestTrajectoryContext::test_build_accumulated_context_full
tests/test_trajectory_context.py::TestTrajectoryContext::test_build_accumulated_context_summary_only
tests/test_trajectory_context.py::TestTrajectoryContext::test_extract_constraints
tests/test_trajectory_context.py::TestTrajectoryContext::test_extract_lifted_constraints
tests/test_trajectory_context.py::TestTrajectoryContext::test_extract_standing_instructions
tests/test_trajectory_context.py::TestTrajectoryContext::test_identify_current_focus
tests/test_trajectory_context.py::TestTrajectoryContext::test_extract_discovered_blockers
tests/test_trajectory_context.py::TestTrajectoryContext::test_empty_agent_history
tests/test_trajectory_context.py::TestTrajectoryContext::test_agent_with_only_errors
tests/test_trajectory_context.py::TestTrajectoryContext::test_pattern_extraction_edge_cases
tests/test_trajectory_context.py::TestTrajectoryContext::test_session_duration_calculation
tests/test_trajectory_context.py::TestTrajectoryContext::test_clear_agent_cache
tests/test_trajectory_context.py::TestTrajectoryContext::test_cache_expiration
tests/test_trajectory_monitoring.py::TestGuardian::test_guardian_trajectory_analysis
tests/test_trajectory_monitoring.py::TestGuardian::test_guardian_detects_constraint_violation
tests/test_trajectory_monitoring.py::TestGuardian::test_guardian_steering_decision
tests/test_trajectory_monitoring.py::TestConductor::test_conductor_detects_duplicates
tests/test_trajectory_monitoring.py::TestConductor::test_conductor_system_coherence
tests/test_trajectory_monitoring.py::TestConductor::test_conductor_makes_decisions
tests/test_trajectory_monitoring.py::TestTrajectoryContext::test_build_accumulated_context
tests/test_trajectory_monitoring.py::TestTrajectoryContext::test_check_constraint_violations
tests/test_trajectory_monitoring.py::test_full_monitoring_cycle
tests/test_validation_agent_protection.py::test_validation_agent_not_terminated
tests/test_validation_agent_protection.py::test_regular_agent_is_terminated
tests/test_validation_agent_protection.py::test_result_validator_not_terminated
tests/test_validation_agent_protection.py::test_guardian_includes_agent_type
tests/test_validation_helpers_coverage.py::TestValidationHelpersAdditionalCoverage::test_validate_file_path_relative_path
tests/test_validation_inheritance.py::TestValidationInheritance::test_task_inherits_validation_from_phase
tests/test_validation_inheritance.py::TestValidationInheritance::test_task_validation_inheritance_with_empty_validation_dict
tests/test_validation_inheritance.py::TestValidationInheritance::test_task_validation_inheritance_disabled_explicitly
tests/test_validation_inheritance.py::TestValidationInheritanceIntegration::test_full_create_task_with_validation_inheritance
tests/test_validation_inheritance.py::TestValidationFlowWithInheritance::test_validation_triggers_when_inherited
tests/test_validation_inheritance.py::test_phases_with_validation_yaml
tests/test_validation_prompts.py::TestPromptTemplateLoading::test_result_validation_template_exists
tests/test_validation_prompts.py::TestPromptTemplateLoading::test_task_validation_template_exists
tests/test_validation_prompts.py::TestPromptTemplateLoading::test_load_result_validation_template
tests/test_validation_prompts.py::TestPromptTemplateLoading::test_load_task_validation_template
tests/test_validation_prompts.py::TestPromptTemplateLoading::test_format_result_validation_prompt
tests/test_validation_prompts.py::TestPromptTemplateLoading::test_format_task_validation_prompt
tests/test_validation_prompts.py::TestPromptTemplateLoading::test_format_task_validation_prompt_with_previous_feedback
tests/test_validation_prompts.py::TestAgentManagerValidatorPrompts::test_format_initial_message_for_result_validator
tests/test_validation_prompts.py::TestAgentManagerValidatorPrompts::test_format_initial_message_for_task_validator
tests/test_validation_prompts.py::TestAgentManagerValidatorPrompts::test_format_initial_message_for_regular_agent
tests/test_validation_prompts.py::TestAgentManagerValidatorPrompts::test_validator_without_prompt_gets_fallback
tests/test_validation_prompts.py::TestValidatorPromptIntegration::test_validator_agent_formats_result_prompt
tests/test_validation_prompts.py::TestValidatorPromptIntegration::test_validator_agent_formats_task_prompt
tests/test_validation_system.py::TestValidationPromptBuilder::test_build_prompt_basic
tests/test_validation_system.py::TestValidationPromptBuilder::test_build_prompt_with_previous_feedback
tests/test_validation_system.py::TestValidationPromptBuilder::test_format_validation_criteria
tests/test_validation_system.py::TestValidationCheckExecutors::test_file_exists_check
tests/test_validation_system.py::TestValidationCheckExecutors::test_file_exists_check_missing
tests/test_validation_system.py::TestValidationCheckExecutors::test_file_contains_check
tests/test_validation_system.py::TestValidationCheckExecutors::test_command_success_check
tests/test_validation_system.py::TestValidationCheckExecutors::test_manual_verification_check
tests/test_validation_system.py::TestValidatorAgent::test_build_validator_prompt
tests/test_validation_system.py::TestValidatorAgent::test_spawn_validator_agent
tests/test_validation_system.py::TestValidatorAgent::test_send_feedback_to_agent
tests/test_validation_system.py::TestValidatorAgent::test_get_agent_results
tests/test_validation_system.py::TestDatabaseModels::test_task_validation_fields
tests/test_validation_system.py::TestDatabaseModels::test_agent_type_field
tests/test_validation_system.py::TestDatabaseModels::test_validation_review_model
tests/test_validation_system.py::TestDatabaseModels::test_phase_validation_field
tests/test_validation_system.py::TestValidationStates::test_task_state_transitions
tests/test_validation_system.py::TestValidationStates::test_validation_iteration_tracking
tests/test_validation_system.py::TestIntegration::test_validation_cycle
tests/test_vector_store.py::test_vector_store_operations
tests/test_workflow_result_service.py::TestWorkflowResultService::test_submit_result_success
tests/test_workflow_result_service.py::TestWorkflowResultService::test_submit_result_existing_validated_result
tests/test_workflow_result_service.py::TestWorkflowResultService::test_submit_result_file_not_found
tests/test_workflow_result_service.py::TestWorkflowResultService::test_submit_result_workflow_not_found
tests/test_workflow_result_service.py::TestWorkflowResultService::test_update_result_status_success
tests/test_workflow_result_service.py::TestWorkflowResultService::test_update_result_status_invalid_status
tests/test_workflow_result_service.py::TestWorkflowResultService::test_get_workflow_results
tests/test_workflow_result_service.py::TestWorkflowResultService::test_check_workflow_completion
tests/test_worktree_integration.py::test_agent_manager_with_worktree_integration
tests/test_worktree_integration.py::test_parent_child_agent_integration
tests/test_worktree_integration.py::test_agent_termination_with_merge
tests/test_worktree_integration.py::test_merge_conflict_resolution
tests/test_worktree_integration.py::test_workspace_changes_tracking
tests/test_worktree_integration.py::test_multiple_validation_commits
tests/test_worktree_integration.py::test_cleanup_policies
tests/test_worktree_integration.py::test_disk_usage_tracking
tests/test_worktree_integration.py::test_child_merge_with_active_parent_worktree
tests/test_worktree_integration.py::test_child_creation_with_detached_parent_head
tests/test_worktree_integration.py::test_detached_head_after_child_merge
tests/test_worktree_manager.py::test_create_agent_worktree
tests/test_worktree_manager.py::test_parent_child_inheritance
tests/test_worktree_manager.py::test_parallel_isolation
tests/test_worktree_manager.py::test_commit_for_validation
tests/test_worktree_manager.py::test_cleanup_worktree
tests/unit/test_embedding_service.py::TestEmbeddingService::test_generate_embedding_success
tests/unit/test_embedding_service.py::TestEmbeddingService::test_generate_embedding_with_long_text
tests/unit/test_embedding_service.py::TestEmbeddingService::test_generate_embedding_api_error
tests/unit/test_embedding_service.py::TestEmbeddingService::test_cosine_similarity_identical_vectors
tests/unit/test_embedding_service.py::TestEmbeddingService::test_cosine_similarity_orthogonal_vectors
tests/unit/test_embedding_service.py::TestEmbeddingService::test_cosine_similarity_opposite_vectors
tests/unit/test_embedding_service.py::TestEmbeddingService::test_cosine_similarity_empty_vectors
tests/unit/test_embedding_service.py::TestEmbeddingService::test_cosine_similarity_different_dimensions
tests/unit/test_embedding_service.py::TestEmbeddingService::test_cosine_similarity_zero_vectors
tests/unit/test_embedding_service.py::TestEmbeddingService::test_calculate_batch_similarities_empty
tests/unit/test_embedding_service.py::TestEmbeddingService::test_calculate_batch_similarities_single
tests/unit/test_embedding_service.py::TestEmbeddingService::test_calculate_batch_similarities_multiple
tests/unit/test_embedding_service.py::TestEmbeddingService::test_calculate_batch_similarities_normalization
tests/unit/test_embedding_service.py::TestEmbeddingService::test_calculate_batch_similarities_with_zero_vector
tests/unit/test_embedding_service.py::TestEmbeddingService::test_calculate_batch_similarities_error_fallback
tests/unit/test_task_similarity_service.py::TestTaskSimilarityService::test_check_duplicates_exact_match
tests/unit/test_task_similarity_service.py::TestTaskSimilarityService::test_check_duplicates_above_threshold
tests/unit/test_task_similarity_service.py::TestTaskSimilarityService::test_check_duplicates_below_threshold
tests/unit/test_task_similarity_service.py::TestTaskSimilarityService::test_find_related_tasks
tests/unit/test_task_similarity_service.py::TestTaskSimilarityService::test_no_related_or_duplicates
tests/unit/test_task_similarity_service.py::TestTaskSimilarityService::test_multiple_related_tasks_sorted
tests/unit/test_task_similarity_service.py::TestTaskSimilarityService::test_exclude_failed_tasks
tests/unit/test_task_similarity_service.py::TestTaskSimilarityService::test_exclude_duplicated_tasks
tests/unit/test_task_similarity_service.py::TestTaskSimilarityService::test_empty_database
tests/unit/test_task_similarity_service.py::TestTaskSimilarityService::test_store_embedding_success
tests/unit/test_task_similarity_service.py::TestTaskSimilarityService::test_store_embedding_with_related
tests/unit/test_task_similarity_service.py::TestTaskSimilarityService::test_store_embedding_with_duplicate_info
tests/unit/test_task_similarity_service.py::TestTaskSimilarityService::test_handle_null_embeddings
tests/unit/test_task_similarity_service.py::TestTaskSimilarityService::test_handle_json_stored_embeddings
tests/unit/test_task_similarity_service.py::TestTaskSimilarityService::test_error_handling_returns_safe_default
tests/unit/test_task_similarity_service.py::TestTaskSimilarityService::test_limit_related_tasks_to_ten

==================================== ERRORS ====================================
_______________ ERROR collecting tests/manual_validation_test.py _______________
.venv/lib/python3.13/site-packages/urllib3/connection.py:198: in _new_conn
    sock = connection.create_connection(
.venv/lib/python3.13/site-packages/urllib3/util/connection.py:85: in create_connection
    raise err
.venv/lib/python3.13/site-packages/urllib3/util/connection.py:73: in create_connection
    sock.connect(sa)
E   ConnectionRefusedError: [Errno 111] Connection refused

The above exception was the direct cause of the following exception:
.venv/lib/python3.13/site-packages/urllib3/connectionpool.py:787: in urlopen
    response = self._make_request(
.venv/lib/python3.13/site-packages/urllib3/connectionpool.py:493: in _make_request
    conn.request(
.venv/lib/python3.13/site-packages/urllib3/connection.py:494: in request
    self.endheaders()
/usr/lib/python3.13/http/client.py:1333: in endheaders
    self._send_output(message_body, encode_chunked=encode_chunked)
/usr/lib/python3.13/http/client.py:1093: in _send_output
    self.send(msg)
/usr/lib/python3.13/http/client.py:1037: in send
    self.connect()
.venv/lib/python3.13/site-packages/urllib3/connection.py:325: in connect
    self.sock = self._new_conn()
                ^^^^^^^^^^^^^^^^
.venv/lib/python3.13/site-packages/urllib3/connection.py:213: in _new_conn
    raise NewConnectionError(
E   urllib3.exceptions.NewConnectionError: <urllib3.connection.HTTPConnection object at 0xffff7813e660>: Failed to establish a new connection: [Errno 111] Connection refused

The above exception was the direct cause of the following exception:
.venv/lib/python3.13/site-packages/requests/adapters.py:644: in send
    resp = conn.urlopen(
.venv/lib/python3.13/site-packages/urllib3/connectionpool.py:841: in urlopen
    retries = retries.increment(
.venv/lib/python3.13/site-packages/urllib3/util/retry.py:519: in increment
    raise MaxRetryError(_pool, url, reason) from reason  # type: ignore[arg-type]
    ^^^^^^^^^^^^^^^^^^^^^^^^^^^^^^^^^^^^^^^^^^^^^^^^^^^
E   urllib3.exceptions.MaxRetryError: HTTPConnectionPool(host='localhost', port=8000): Max retries exceeded with url: /create_task (Caused by NewConnectionError('<urllib3.connection.HTTPConnection object at 0xffff7813e660>: Failed to establish a new connection: [Errno 111] Connection refused'))

During handling of the above exception, another exception occurred:
tests/manual_validation_test.py:11: in <module>
    response = requests.post(
.venv/lib/python3.13/site-packages/requests/api.py:115: in post
    return request("post", url, data=data, json=json, **kwargs)
           ^^^^^^^^^^^^^^^^^^^^^^^^^^^^^^^^^^^^^^^^^^^^^^^^^^^^
.venv/lib/python3.13/site-packages/requests/api.py:59: in request
    return session.request(method=method, url=url, **kwargs)
           ^^^^^^^^^^^^^^^^^^^^^^^^^^^^^^^^^^^^^^^^^^^^^^^^^
.venv/lib/python3.13/site-packages/requests/sessions.py:589: in request
    resp = self.send(prep, **send_kwargs)
           ^^^^^^^^^^^^^^^^^^^^^^^^^^^^^^
.venv/lib/python3.13/site-packages/requests/sessions.py:703: in send
    r = adapter.send(request, **kwargs)
        ^^^^^^^^^^^^^^^^^^^^^^^^^^^^^^^
.venv/lib/python3.13/site-packages/requests/adapters.py:677: in send
    raise ConnectionError(e, request=request)
E   requests.exceptions.ConnectionError: HTTPConnectionPool(host='localhost', port=8000): Max retries exceeded with url: /create_task (Caused by NewConnectionError('<urllib3.connection.HTTPConnection object at 0xffff7813e660>: Failed to establish a new connection: [Errno 111] Connection refused'))
------------------------------- Captured stdout --------------------------------
======================================================================
COMPREHENSIVE ticket_id VALIDATION TEST SUITE
======================================================================

### Test 1: SDK Agent Without ticket_id (SHOULD SUCCEED) ###
=============================== warnings summary ===============================
src/auth/auth_config.py:9
  /home/user/workspace/Hephaestus/Hephaestus/src/auth/auth_config.py:9: PydanticDeprecatedSince20: Support for class-based `config` is deprecated, use ConfigDict instead. Deprecated in Pydantic V2.0 to be removed in V3.0. See Pydantic V2 Migration Guide at https://errors.pydantic.dev/2.12/migration/
    class AuthConfig(BaseSettings):

-- Docs: https://docs.pytest.org/en/stable/how-to/capture-warnings.html
=========================== short test summary info ============================
ERROR tests/manual_validation_test.py - requests.exceptions.ConnectionError: ...
!!!!!!!!!!!!!!!!!!!! Interrupted: 1 error during collection !!!!!!!!!!!!!!!!!!!!
449 tests collected, 1 error in 1.15s
